[INFO ] 2023-12-14 17:44:01.182 [main] VarifyLoginPage - setUp executed................
[INFO ] 2023-12-14 17:44:01.229 [main] VarifyLoginPage - Browser launched................
[INFO ] 2023-12-14 17:44:05.610 [main] VarifyLoginPage - Url entered................
[INFO ] 2023-12-14 17:44:10.127 [main] VarifyLoginPage - Url and Password Entered................
[INFO ] 2023-12-14 17:44:15.251 [main] VarifyLoginPage - Clicked on Login................
[INFO ] 2023-12-14 17:44:16.847 [main] VarifyLoginPage - Varified Title................
[INFO ] 2023-12-14 17:44:24.604 [main] VarifyLoginPage - email entered................
[INFO ] 2023-12-14 17:44:24.758 [main] VarifyLoginPage - Cliked on search button................
[INFO ] 2023-12-14 17:44:31.019 [main] VarifyLoginPage - Varified mail................
[INFO ] 2023-12-14 17:44:31.192 [main] VarifyLoginPage - webbrowser closed................
[INFO ] 2023-12-14 21:15:38.268 [main] VarifyLoginPage - setUp executed................
[INFO ] 2023-12-14 21:15:38.317 [main] VarifyLoginPage - Browser launched................
[INFO ] 2023-12-14 21:15:42.609 [main] VarifyLoginPage - Url entered................
[INFO ] 2023-12-14 21:15:46.939 [main] VarifyLoginPage - Url and Password Entered................
[INFO ] 2023-12-14 21:15:49.303 [main] VarifyLoginPage - Clicked on Login................
[INFO ] 2023-12-14 21:15:49.315 [main] VarifyLoginPage - Varified Title................
[INFO ] 2023-12-14 21:16:10.963 [main] VarifyLoginPage - webbrowser closed................
[INFO ] 2023-12-14 21:17:41.344 [main] VarifyLoginPage - setUp executed................
[INFO ] 2023-12-14 21:17:41.400 [main] VarifyLoginPage - Browser launched................
[INFO ] 2023-12-14 21:17:45.640 [main] VarifyLoginPage - Url entered................
[INFO ] 2023-12-14 21:17:50.192 [main] VarifyLoginPage - Url and Password Entered................
[INFO ] 2023-12-14 21:17:52.556 [main] VarifyLoginPage - Clicked on Login................
[INFO ] 2023-12-14 21:17:54.123 [main] VarifyLoginPage - Varified Title................
[INFO ] 2023-12-14 21:17:56.258 [main] VarifyLoginPage - email entered................
[INFO ] 2023-12-14 21:17:56.374 [main] VarifyLoginPage - Cliked on search button................
[INFO ] 2023-12-14 21:18:02.633 [main] VarifyLoginPage - Varified mail................
[INFO ] 2023-12-14 21:18:02.848 [main] VarifyLoginPage - webbrowser closed................
[INFO ] 2023-12-15 18:12:56.796 [main] VarifyLoginPage - setUp executed................
[INFO ] 2023-12-15 18:12:56.888 [main] VarifyLoginPage - Browser launched................
[INFO ] 2023-12-15 18:13:01.168 [main] VarifyLoginPage - Url entered................
[INFO ] 2023-12-15 18:13:05.806 [main] VarifyLoginPage - Url and Password Entered................
[INFO ] 2023-12-15 18:13:07.350 [main] VarifyLoginPage - Clicked on Login................
[INFO ] 2023-12-15 18:13:08.982 [main] VarifyLoginPage - Varified Title................
[INFO ] 2023-12-15 18:13:11.005 [main] VarifyLoginPage - email entered................
[INFO ] 2023-12-15 18:13:11.115 [main] VarifyLoginPage - Cliked on search button................
[INFO ] 2023-12-15 18:13:17.366 [main] VarifyLoginPage - Varified mail................
[INFO ] 2023-12-15 18:13:17.661 [main] VarifyLoginPage - webbrowser closed................
[INFO ] 2023-12-15 18:21:15.800 [main] VarifyLoginPage - setUp executed................
[INFO ] 2023-12-15 18:21:15.847 [main] VarifyLoginPage - Browser launched................
[INFO ] 2023-12-15 18:21:20.329 [main] VarifyLoginPage - Url entered................
[INFO ] 2023-12-15 18:21:24.859 [main] VarifyLoginPage - Url and Password Entered................
[INFO ] 2023-12-15 18:21:26.361 [main] VarifyLoginPage - Clicked on Login................
[INFO ] 2023-12-15 18:21:27.825 [main] VarifyLoginPage - Varified Title................
[INFO ] 2023-12-15 18:21:33.534 [main] VarifyLoginPage - webbrowser closed................
[INFO ] 2023-12-15 18:21:38.045 [main] VarifyLoginPage - setUp executed................
[INFO ] 2023-12-15 18:21:38.045 [main] VarifyLoginPage - Browser launched................
[INFO ] 2023-12-15 18:21:42.460 [main] VarifyLoginPage - Url entered................
[INFO ] 2023-12-15 18:21:46.894 [main] VarifyLoginPage - Url and Password Entered................
[INFO ] 2023-12-15 18:21:48.976 [main] VarifyLoginPage - Clicked on Login................
[INFO ] 2023-12-15 18:21:50.146 [main] VarifyLoginPage - Varified Title................
[INFO ] 2023-12-15 18:21:51.810 [main] VarifyLoginPage - email entered................
[INFO ] 2023-12-15 18:21:51.913 [main] VarifyLoginPage - Cliked on search button................
[INFO ] 2023-12-15 18:22:00.200 [main] VarifyLoginPage - Varified mail................
[INFO ] 2023-12-15 18:22:00.494 [main] VarifyLoginPage - webbrowser closed................
[INFO ] 2023-12-15 18:38:29.566 [main] VarifyLoginPage - setUp executed................
[INFO ] 2023-12-15 18:38:29.680 [main] VarifyLoginPage - Browser launched................
[INFO ] 2023-12-15 18:38:33.941 [main] VarifyLoginPage - Url entered................
[INFO ] 2023-12-15 18:38:38.889 [main] VarifyLoginPage - Url and Password Entered................
[INFO ] 2023-12-15 18:38:40.862 [main] VarifyLoginPage - Clicked on Login................
[INFO ] 2023-12-15 18:38:42.257 [main] VarifyLoginPage - Varified Title................
[INFO ] 2023-12-15 18:38:44.681 [main] VarifyLoginPage - email entered................
[INFO ] 2023-12-15 18:38:44.813 [main] VarifyLoginPage - Cliked on search button................
[INFO ] 2023-12-15 18:38:54.327 [main] VarifyLoginPage - Varified mail................
[INFO ] 2023-12-15 18:38:54.645 [main] VarifyLoginPage - webbrowser closed................
